<?xml version="1.0" encoding="UTF-8"?>
<!-- Generated by org.testng.reporters.JUnitReportReporter -->
<testsuite hostname="DESKTOP-GM3F5D1" failures="0" tests="1" name="com.vitiger.comcast.leadtest.LeadAllCheck" time="37.133" errors="0" timestamp="2021-10-08T12:31:05 IST" skipped="0">
  <testcase classname="com.vitiger.comcast.leadtest.LeadAllCheck" name="LeadAllCheck" time="37.133"/>
  <system-out/>
</testsuite> <!-- com.vitiger.comcast.leadtest.LeadAllCheck -->
